msmsmallikarjuna@gmail.com	7609
msmsmallikarjuna@gmail.com	7808
msmsmallikarjuna@gmail.com	3353
msmsmallikarjuna@gmail.com	5016
msmsmallikarjuna@gmail.com	8371
sangameshwaraswamy@gmail.com	5317
sangameshwaraswamy@gmail.com	Your OTP is: 883701
sangameshwaraswamy@gmail.com	Your OTP is: 791572
sangameshwaraswamy@gmail.com	Your OTP is: 820095
sangameshwaraswamy@gmail.com	3579
msmsmalli1756@gmail.com	9528
fahadballari@gmail.com	6816
fahadballari@gmail.com	1659
mohammmed.zaid.ballari@gmail.com	7447
kmdriyaanking@gmail.com	1116
3BR22AI106@bitm.edu.in	7861
3BR22AI106@bitm.edu.in	5688
rahul@gmail.com	4626
likith092@gmail.com	7869
raheel12@gmail.com	4848
likith11@gmail.com	5292
malli5617@gmail.com	1871
